0 info it worked if it ends with ok
1 verbose cli [ '/usr/local/bin/node', '/usr/local/bin/npm', 'install' ]
2 info using npm@3.3.9
3 info using node@v4.2.1
4 silly loadCurrentTree Starting
5 silly install loadCurrentTree
6 silly install readLocalPackageData
7 silly install normalizeTree
8 silly loadCurrentTree Finishing
9 silly loadIdealTree Starting
10 silly install loadIdealTree
11 silly cloneCurrentTree Starting
12 silly install cloneCurrentTreeToIdealTree
13 silly cloneCurrentTree Finishing
14 silly loadShrinkwrap Starting
15 silly install loadShrinkwrap
16 silly loadShrinkwrap Finishing
17 silly loadAllDepsIntoIdealTree Starting
18 silly install loadAllDepsIntoIdealTree
19 silly fetchNamedPackageData zone.js
20 silly mapToRegistry name zone.js
21 silly mapToRegistry using default registry
22 silly mapToRegistry registry https://registry.npmjs.org/
23 silly mapToRegistry uri https://registry.npmjs.org/zone.js
24 verbose request uri https://registry.npmjs.org/zone.js
25 verbose request no auth needed
26 info attempt registry request try #1 at 4:46:24 PM
27 verbose request id 0549bbc06c3e82f8
28 verbose etag "3GKWDU3GG4G6O0C93TO8BD8RU"
29 http request GET https://registry.npmjs.org/zone.js
30 http 304 https://registry.npmjs.org/zone.js
31 verbose headers { date: 'Tue, 09 Feb 2016 16:46:25 GMT',
31 verbose headers   via: '1.1 varnish',
31 verbose headers   'cache-control': 'max-age=300',
31 verbose headers   etag: '"3GKWDU3GG4G6O0C93TO8BD8RU"',
31 verbose headers   age: '209',
31 verbose headers   connection: 'keep-alive',
31 verbose headers   'x-served-by': 'cache-iad2142-IAD',
31 verbose headers   'x-cache': 'HIT',
31 verbose headers   'x-cache-hits': '1',
31 verbose headers   'x-timer': 'S1455036385.345635,VS0,VE0',
31 verbose headers   vary: 'Accept' }
32 silly get cb [ 304,
32 silly get   { date: 'Tue, 09 Feb 2016 16:46:25 GMT',
32 silly get     via: '1.1 varnish',
32 silly get     'cache-control': 'max-age=300',
32 silly get     etag: '"3GKWDU3GG4G6O0C93TO8BD8RU"',
32 silly get     age: '209',
32 silly get     connection: 'keep-alive',
32 silly get     'x-served-by': 'cache-iad2142-IAD',
32 silly get     'x-cache': 'HIT',
32 silly get     'x-cache-hits': '1',
32 silly get     'x-timer': 'S1455036385.345635,VS0,VE0',
32 silly get     vary: 'Accept' } ]
33 verbose etag https://registry.npmjs.org/zone.js from cache
34 verbose get saving zone.js to /Users/Chris/.npm/registry.npmjs.org/zone.js/.cache.json
35 silly resolveWithNewModule zone.js@0.5.11 checking installable status
36 silly cache add args [ 'zone.js@0.5.11', null ]
37 verbose cache add spec zone.js@0.5.11
38 silly cache add parsed spec Result {
38 silly cache add   raw: 'zone.js@0.5.11',
38 silly cache add   scope: null,
38 silly cache add   name: 'zone.js',
38 silly cache add   rawSpec: '0.5.11',
38 silly cache add   spec: '0.5.11',
38 silly cache add   type: 'version' }
39 silly addNamed zone.js@0.5.11
40 verbose addNamed "0.5.11" is a plain semver version for zone.js
41 silly mapToRegistry name zone.js
42 silly mapToRegistry using default registry
43 silly mapToRegistry registry https://registry.npmjs.org/
44 silly mapToRegistry uri https://registry.npmjs.org/zone.js
45 verbose addNameVersion registry:https://registry.npmjs.org/zone.js not in flight; fetching
46 verbose get https://registry.npmjs.org/zone.js not expired, no request
47 silly cache afterAdd zone.js@0.5.11
48 verbose afterAdd /Users/Chris/.npm/zone.js/0.5.11/package/package.json not in flight; writing
49 verbose afterAdd /Users/Chris/.npm/zone.js/0.5.11/package/package.json written
50 silly loadAllDepsIntoIdealTree Finishing
51 silly idealTree:prePrune angular2-quickstart@1.0.0
51 silly idealTree:prePrune ├── abbrev@1.0.7
51 silly idealTree:prePrune ├── accepts@1.2.13
51 silly idealTree:prePrune ├── after@0.8.1
51 silly idealTree:prePrune ├── angular2@2.0.0-beta.3
51 silly idealTree:prePrune ├── ansi-regex@0.2.1
51 silly idealTree:prePrune ├── ansi-styles@1.1.0
51 silly idealTree:prePrune ├── anymatch@1.3.0
51 silly idealTree:prePrune ├── arr-diff@2.0.0
51 silly idealTree:prePrune ├── arr-flatten@1.0.1
51 silly idealTree:prePrune ├── array-unique@0.2.1
51 silly idealTree:prePrune ├── arraybuffer.slice@0.0.6
51 silly idealTree:prePrune ├── arrify@1.0.1
51 silly idealTree:prePrune ├── asn1@0.1.11
51 silly idealTree:prePrune ├── assert-plus@0.1.5
51 silly idealTree:prePrune ├── async-each-series@0.1.1
51 silly idealTree:prePrune ├── async-each@0.1.6
51 silly idealTree:prePrune ├── async@1.5.2
51 silly idealTree:prePrune ├── aws-sign2@0.6.0
51 silly idealTree:prePrune ├── backo2@1.0.2
51 silly idealTree:prePrune ├── balanced-match@0.3.0
51 silly idealTree:prePrune ├── base64-arraybuffer@0.1.2
51 silly idealTree:prePrune ├── base64id@0.1.0
51 silly idealTree:prePrune ├── batch@0.5.3
51 silly idealTree:prePrune ├── benchmark@1.0.0
51 silly idealTree:prePrune ├── better-assert@1.0.2
51 silly idealTree:prePrune ├── binary-extensions@1.4.0
51 silly idealTree:prePrune ├── bindings@1.2.1
51 silly idealTree:prePrune ├── bl@1.0.2
51 silly idealTree:prePrune ├── blob@0.0.4
51 silly idealTree:prePrune ├── bluebird@2.9.6
51 silly idealTree:prePrune ├── boom@2.10.1
51 silly idealTree:prePrune ├── brace-expansion@1.1.2
51 silly idealTree:prePrune ├── braces@1.8.3
51 silly idealTree:prePrune ├── browser-sync-client@2.4.1
51 silly idealTree:prePrune ├── browser-sync-ui@0.5.18
51 silly idealTree:prePrune ├─┬ browser-sync@2.11.1
51 silly idealTree:prePrune │ └── lodash@3.10.1
51 silly idealTree:prePrune ├── bs-recipes@1.0.5
51 silly idealTree:prePrune ├── bufferutil@1.2.1
51 silly idealTree:prePrune ├── callsite@1.0.0
51 silly idealTree:prePrune ├── camelcase-keys@1.0.0
51 silly idealTree:prePrune ├── camelcase@1.2.1
51 silly idealTree:prePrune ├── caseless@0.11.0
51 silly idealTree:prePrune ├── chalk@0.5.1
51 silly idealTree:prePrune ├── chokidar@1.4.1
51 silly idealTree:prePrune ├─┬ cliui@3.1.0
51 silly idealTree:prePrune │ ├── ansi-regex@2.0.0
51 silly idealTree:prePrune │ └── strip-ansi@3.0.0
51 silly idealTree:prePrune ├── code-point-at@1.0.0
51 silly idealTree:prePrune ├── combined-stream@1.0.5
51 silly idealTree:prePrune ├── commander@2.6.0
51 silly idealTree:prePrune ├── component-bind@1.0.0
51 silly idealTree:prePrune ├── component-emitter@1.1.2
51 silly idealTree:prePrune ├── component-inherit@0.0.3
51 silly idealTree:prePrune ├── concat-map@0.0.1
51 silly idealTree:prePrune ├── concurrently@1.0.0
51 silly idealTree:prePrune ├── connect-history-api-fallback@1.1.0
51 silly idealTree:prePrune ├── connect-logger@0.0.1
51 silly idealTree:prePrune ├── connect@3.4.1
51 silly idealTree:prePrune ├── core-util-is@1.0.2
51 silly idealTree:prePrune ├── cross-spawn@0.2.9
51 silly idealTree:prePrune ├── cryptiles@2.0.5
51 silly idealTree:prePrune ├── ctype@0.5.3
51 silly idealTree:prePrune ├── debug@2.2.0
51 silly idealTree:prePrune ├── decamelize@1.1.2
51 silly idealTree:prePrune ├── delayed-stream@1.0.0
51 silly idealTree:prePrune ├── depd@1.1.0
51 silly idealTree:prePrune ├── destroy@1.0.4
51 silly idealTree:prePrune ├── dev-ip@1.0.1
51 silly idealTree:prePrune ├─┬ easy-extender@2.3.2
51 silly idealTree:prePrune │ └── lodash@3.10.1
51 silly idealTree:prePrune ├── eazy-logger@2.1.2
51 silly idealTree:prePrune ├── ee-first@1.1.1
51 silly idealTree:prePrune ├── emitter-steward@1.0.0
51 silly idealTree:prePrune ├─┬ engine.io-client@1.5.4
51 silly idealTree:prePrune │ ├── debug@1.0.4
51 silly idealTree:prePrune │ ├── ms@0.6.2
51 silly idealTree:prePrune │ └── parseuri@0.0.4
51 silly idealTree:prePrune ├── engine.io-parser@1.2.2
51 silly idealTree:prePrune ├─┬ engine.io@1.5.4
51 silly idealTree:prePrune │ ├── debug@1.0.3
51 silly idealTree:prePrune │ └── ms@0.6.2
51 silly idealTree:prePrune ├── es6-promise@3.0.2
51 silly idealTree:prePrune ├── es6-shim@0.33.13
51 silly idealTree:prePrune ├── escape-html@1.0.3
51 silly idealTree:prePrune ├── escape-string-regexp@1.0.4
51 silly idealTree:prePrune ├── etag@1.7.0
51 silly idealTree:prePrune ├── eventemitter3@1.1.1
51 silly idealTree:prePrune ├── expand-brackets@0.1.4
51 silly idealTree:prePrune ├── expand-range@1.8.1
51 silly idealTree:prePrune ├─┬ express@2.5.11
51 silly idealTree:prePrune │ └── connect@1.9.2
51 silly idealTree:prePrune ├── extend@3.0.0
51 silly idealTree:prePrune ├── extglob@0.3.2
51 silly idealTree:prePrune ├── filename-regex@2.0.0
51 silly idealTree:prePrune ├── fill-range@2.2.3
51 silly idealTree:prePrune ├── finalhandler@0.4.1
51 silly idealTree:prePrune ├── for-in@0.1.4
51 silly idealTree:prePrune ├── for-own@0.1.3
51 silly idealTree:prePrune ├── forever-agent@0.6.1
51 silly idealTree:prePrune ├── form-data@1.0.0-rc3
51 silly idealTree:prePrune ├── formidable@1.0.17
51 silly idealTree:prePrune ├─┬ foxy@11.1.4
51 silly idealTree:prePrune │ └── resp-modifier@4.0.4
51 silly idealTree:prePrune ├── fresh@0.3.0
51 silly idealTree:prePrune ├── fs-extra@0.26.5
51 silly idealTree:prePrune ├─┬ fsevents@1.0.7
51 silly idealTree:prePrune │ ├── ansi-regex@2.0.0
51 silly idealTree:prePrune │ ├── ansi-styles@2.1.0
51 silly idealTree:prePrune │ ├── ansi@0.3.0
51 silly idealTree:prePrune │ ├── are-we-there-yet@1.0.5
51 silly idealTree:prePrune │ ├── asn1@0.2.3
51 silly idealTree:prePrune │ ├── assert-plus@0.1.5
51 silly idealTree:prePrune │ ├── async@1.5.1
51 silly idealTree:prePrune │ ├── aws-sign2@0.6.0
51 silly idealTree:prePrune │ ├── bl@1.0.0
51 silly idealTree:prePrune │ ├── block-stream@0.0.8
51 silly idealTree:prePrune │ ├── boom@2.10.1
51 silly idealTree:prePrune │ ├── caseless@0.11.0
51 silly idealTree:prePrune │ ├── chalk@1.1.1
51 silly idealTree:prePrune │ ├── combined-stream@1.0.5
51 silly idealTree:prePrune │ ├── commander@2.9.0
51 silly idealTree:prePrune │ ├── core-util-is@1.0.2
51 silly idealTree:prePrune │ ├── cryptiles@2.0.5
51 silly idealTree:prePrune │ ├── dashdash@1.11.0
51 silly idealTree:prePrune │ ├── debug@0.7.4
51 silly idealTree:prePrune │ ├── deep-extend@0.4.0
51 silly idealTree:prePrune │ ├── delayed-stream@1.0.0
51 silly idealTree:prePrune │ ├── delegates@0.1.0
51 silly idealTree:prePrune │ ├── ecc-jsbn@0.1.1
51 silly idealTree:prePrune │ ├── escape-string-regexp@1.0.4
51 silly idealTree:prePrune │ ├── extend@3.0.0
51 silly idealTree:prePrune │ ├── extsprintf@1.0.2
51 silly idealTree:prePrune │ ├── forever-agent@0.6.1
51 silly idealTree:prePrune │ ├── form-data@1.0.0-rc3
51 silly idealTree:prePrune │ ├─┬ fstream-ignore@1.0.3
51 silly idealTree:prePrune │ │ └─┬ minimatch@3.0.0
51 silly idealTree:prePrune │ │   └─┬ brace-expansion@1.1.2
51 silly idealTree:prePrune │ │     ├── balanced-match@0.3.0
51 silly idealTree:prePrune │ │     └── concat-map@0.0.1
51 silly idealTree:prePrune │ ├── fstream@1.0.8
51 silly idealTree:prePrune │ ├── gauge@1.2.2
51 silly idealTree:prePrune │ ├── generate-function@2.0.0
51 silly idealTree:prePrune │ ├── generate-object-property@1.2.0
51 silly idealTree:prePrune │ ├── graceful-fs@4.1.2
51 silly idealTree:prePrune │ ├── graceful-readlink@1.0.1
51 silly idealTree:prePrune │ ├── har-validator@2.0.3
51 silly idealTree:prePrune │ ├── has-ansi@2.0.0
51 silly idealTree:prePrune │ ├── has-unicode@1.0.1
51 silly idealTree:prePrune │ ├── hawk@3.1.2
51 silly idealTree:prePrune │ ├── hoek@2.16.3
51 silly idealTree:prePrune │ ├── http-signature@1.1.0
51 silly idealTree:prePrune │ ├── inherits@2.0.1
51 silly idealTree:prePrune │ ├── ini@1.3.4
51 silly idealTree:prePrune │ ├── is-my-json-valid@2.12.3
51 silly idealTree:prePrune │ ├── is-property@1.0.2
51 silly idealTree:prePrune │ ├── is-typedarray@1.0.0
51 silly idealTree:prePrune │ ├── isarray@0.0.1
51 silly idealTree:prePrune │ ├── isstream@0.1.2
51 silly idealTree:prePrune │ ├── jodid25519@1.0.2
51 silly idealTree:prePrune │ ├── jsbn@0.1.0
51 silly idealTree:prePrune │ ├── json-schema@0.2.2
51 silly idealTree:prePrune │ ├── json-stringify-safe@5.0.1
51 silly idealTree:prePrune │ ├── jsonpointer@2.0.0
51 silly idealTree:prePrune │ ├── jsprim@1.2.2
51 silly idealTree:prePrune │ ├── lodash._basetostring@3.0.1
51 silly idealTree:prePrune │ ├── lodash._createpadding@3.6.1
51 silly idealTree:prePrune │ ├── lodash.pad@3.1.1
51 silly idealTree:prePrune │ ├── lodash.padleft@3.1.1
51 silly idealTree:prePrune │ ├── lodash.padright@3.1.1
51 silly idealTree:prePrune │ ├── lodash.repeat@3.0.1
51 silly idealTree:prePrune │ ├── mime-db@1.21.0
51 silly idealTree:prePrune │ ├── mime-types@2.1.9
51 silly idealTree:prePrune │ ├── minimist@0.0.8
51 silly idealTree:prePrune │ ├── mkdirp@0.5.1
51 silly idealTree:prePrune │ ├─┬ node-pre-gyp@0.6.19
51 silly idealTree:prePrune │ │ └─┬ nopt@3.0.6
51 silly idealTree:prePrune │ │   └── abbrev@1.0.7
51 silly idealTree:prePrune │ ├── node-uuid@1.4.7
51 silly idealTree:prePrune │ ├── npmlog@2.0.0
51 silly idealTree:prePrune │ ├── oauth-sign@0.8.0
51 silly idealTree:prePrune │ ├── once@1.1.1
51 silly idealTree:prePrune │ ├── pinkie-promise@2.0.0
51 silly idealTree:prePrune │ ├── pinkie@2.0.1
51 silly idealTree:prePrune │ ├── process-nextick-args@1.0.6
51 silly idealTree:prePrune │ ├── qs@5.2.0
51 silly idealTree:prePrune │ ├─┬ rc@1.1.6
51 silly idealTree:prePrune │ │ └── minimist@1.2.0
51 silly idealTree:prePrune │ ├── readable-stream@2.0.5
51 silly idealTree:prePrune │ ├── request@2.67.0
51 silly idealTree:prePrune │ ├─┬ rimraf@2.5.0
51 silly idealTree:prePrune │ │ └─┬ glob@6.0.3
51 silly idealTree:prePrune │ │   ├─┬ inflight@1.0.4
51 silly idealTree:prePrune │ │   │ └── wrappy@1.0.1
51 silly idealTree:prePrune │ │   ├── inherits@2.0.1
51 silly idealTree:prePrune │ │   ├─┬ minimatch@3.0.0
51 silly idealTree:prePrune │ │   │ └─┬ brace-expansion@1.1.2
51 silly idealTree:prePrune │ │   │   ├── balanced-match@0.3.0
51 silly idealTree:prePrune │ │   │   └── concat-map@0.0.1
51 silly idealTree:prePrune │ │   ├─┬ once@1.3.3
51 silly idealTree:prePrune │ │   │ └── wrappy@1.0.1
51 silly idealTree:prePrune │ │   └── path-is-absolute@1.0.0
51 silly idealTree:prePrune │ ├── semver@5.1.0
51 silly idealTree:prePrune │ ├── sntp@1.0.9
51 silly idealTree:prePrune │ ├─┬ sshpk@1.7.2
51 silly idealTree:prePrune │ │ └── assert-plus@0.2.0
51 silly idealTree:prePrune │ ├── string_decoder@0.10.31
51 silly idealTree:prePrune │ ├── stringstream@0.0.5
51 silly idealTree:prePrune │ ├── strip-ansi@3.0.0
51 silly idealTree:prePrune │ ├── strip-json-comments@1.0.4
51 silly idealTree:prePrune │ ├── supports-color@2.0.0
51 silly idealTree:prePrune │ ├─┬ tar-pack@3.1.2
51 silly idealTree:prePrune │ │ └─┬ rimraf@2.4.5
51 silly idealTree:prePrune │ │   └─┬ glob@6.0.3
51 silly idealTree:prePrune │ │     ├─┬ inflight@1.0.4
51 silly idealTree:prePrune │ │     │ └── wrappy@1.0.1
51 silly idealTree:prePrune │ │     ├── inherits@2.0.1
51 silly idealTree:prePrune │ │     ├─┬ minimatch@3.0.0
51 silly idealTree:prePrune │ │     │ └─┬ brace-expansion@1.1.2
51 silly idealTree:prePrune │ │     │   ├── balanced-match@0.3.0
51 silly idealTree:prePrune │ │     │   └── concat-map@0.0.1
51 silly idealTree:prePrune │ │     ├─┬ once@1.3.3
51 silly idealTree:prePrune │ │     │ └── wrappy@1.0.1
51 silly idealTree:prePrune │ │     └── path-is-absolute@1.0.0
51 silly idealTree:prePrune │ ├── tar@2.2.1
51 silly idealTree:prePrune │ ├── tough-cookie@2.2.1
51 silly idealTree:prePrune │ ├── tunnel-agent@0.4.2
51 silly idealTree:prePrune │ ├── tweetnacl@0.13.2
51 silly idealTree:prePrune │ ├── uid-number@0.0.3
51 silly idealTree:prePrune │ ├── util-deprecate@1.0.2
51 silly idealTree:prePrune │ ├── verror@1.3.6
51 silly idealTree:prePrune │ └── xtend@4.0.1
51 silly idealTree:prePrune ├── generate-function@2.0.0
51 silly idealTree:prePrune ├── generate-object-property@1.2.0
51 silly idealTree:prePrune ├── get-stdin@4.0.1
51 silly idealTree:prePrune ├── glob-base@0.3.0
51 silly idealTree:prePrune ├── glob-parent@2.0.0
51 silly idealTree:prePrune ├── glob@6.0.4
51 silly idealTree:prePrune ├── global@2.0.1
51 silly idealTree:prePrune ├── graceful-fs@4.1.3
51 silly idealTree:prePrune ├── graceful-readlink@1.0.1
51 silly idealTree:prePrune ├─┬ har-validator@2.0.6
51 silly idealTree:prePrune │ ├── ansi-regex@2.0.0
51 silly idealTree:prePrune │ ├── ansi-styles@2.1.0
51 silly idealTree:prePrune │ ├── chalk@1.1.1
51 silly idealTree:prePrune │ ├── commander@2.9.0
51 silly idealTree:prePrune │ ├── has-ansi@2.0.0
51 silly idealTree:prePrune │ ├── strip-ansi@3.0.0
51 silly idealTree:prePrune │ └── supports-color@2.0.0
51 silly idealTree:prePrune ├── has-ansi@0.1.0
51 silly idealTree:prePrune ├── has-binary-data@0.1.3
51 silly idealTree:prePrune ├── has-binary@0.1.6
51 silly idealTree:prePrune ├── has-cors@1.0.3
51 silly idealTree:prePrune ├── hawk@3.1.3
51 silly idealTree:prePrune ├── hoek@2.16.3
51 silly idealTree:prePrune ├── http-errors@1.3.1
51 silly idealTree:prePrune ├── http-proxy@1.13.1
51 silly idealTree:prePrune ├── http-signature@0.11.0
51 silly idealTree:prePrune ├── immutable@3.7.6
51 silly idealTree:prePrune ├── indent-string@1.2.2
51 silly idealTree:prePrune ├── indexof@0.0.1
51 silly idealTree:prePrune ├── inflight@1.0.4
51 silly idealTree:prePrune ├── inherits@2.0.1
51 silly idealTree:prePrune ├── invert-kv@1.0.0
51 silly idealTree:prePrune ├── is-binary-path@1.0.1
51 silly idealTree:prePrune ├── is-buffer@1.1.2
51 silly idealTree:prePrune ├── is-dotfile@1.0.2
51 silly idealTree:prePrune ├── is-equal-shallow@0.1.3
51 silly idealTree:prePrune ├── is-extendable@0.1.1
51 silly idealTree:prePrune ├── is-extglob@1.0.0
51 silly idealTree:prePrune ├── is-finite@1.0.1
51 silly idealTree:prePrune ├── is-fullwidth-code-point@1.0.0
51 silly idealTree:prePrune ├── is-glob@2.0.1
51 silly idealTree:prePrune ├── is-my-json-valid@2.12.4
51 silly idealTree:prePrune ├── is-number@2.1.0
51 silly idealTree:prePrune ├── is-primitive@2.0.0
51 silly idealTree:prePrune ├── is-property@1.0.2
51 silly idealTree:prePrune ├── isarray@0.0.1
51 silly idealTree:prePrune ├── isobject@2.0.0
51 silly idealTree:prePrune ├── isstream@0.1.2
51 silly idealTree:prePrune ├── json-stringify-safe@5.0.1
51 silly idealTree:prePrune ├── json3@3.2.6
51 silly idealTree:prePrune ├── jsonfile@2.2.3
51 silly idealTree:prePrune ├── jsonpointer@2.0.0
51 silly idealTree:prePrune ├── kind-of@3.0.2
51 silly idealTree:prePrune ├── klaw@1.1.3
51 silly idealTree:prePrune ├── lazy-cache@0.2.7
51 silly idealTree:prePrune ├── lcid@1.0.0
51 silly idealTree:prePrune ├── limiter@1.1.0
51 silly idealTree:prePrune ├─┬ lite-server@2.0.1
51 silly idealTree:prePrune │ └── lodash@4.3.0
51 silly idealTree:prePrune ├── localtunnel@1.8.1
51 silly idealTree:prePrune ├── lodash._arraycopy@3.0.0
51 silly idealTree:prePrune ├── lodash._arrayeach@3.0.0
51 silly idealTree:prePrune ├── lodash._basecopy@3.0.1
51 silly idealTree:prePrune ├── lodash._basefor@3.0.3
51 silly idealTree:prePrune ├── lodash._bindcallback@3.0.1
51 silly idealTree:prePrune ├── lodash._createassigner@3.1.1
51 silly idealTree:prePrune ├── lodash._getnative@3.9.1
51 silly idealTree:prePrune ├── lodash._isiterateecall@3.0.9
51 silly idealTree:prePrune ├── lodash.isarguments@3.0.6
51 silly idealTree:prePrune ├── lodash.isarray@3.0.4
51 silly idealTree:prePrune ├── lodash.isplainobject@3.2.0
51 silly idealTree:prePrune ├── lodash.istypedarray@3.0.4
51 silly idealTree:prePrune ├── lodash.keys@3.1.2
51 silly idealTree:prePrune ├── lodash.keysin@3.0.8
51 silly idealTree:prePrune ├── lodash.merge@3.3.2
51 silly idealTree:prePrune ├── lodash.restparam@3.6.1
51 silly idealTree:prePrune ├── lodash.toplainobject@3.0.0
51 silly idealTree:prePrune ├── lodash@3.1.0
51 silly idealTree:prePrune ├── longest@1.0.1
51 silly idealTree:prePrune ├── lru-cache@2.7.3
51 silly idealTree:prePrune ├── map-obj@1.0.1
51 silly idealTree:prePrune ├── meow@3.3.0
51 silly idealTree:prePrune ├── micromatch@2.3.5
51 silly idealTree:prePrune ├── mime-db@1.21.0
51 silly idealTree:prePrune ├── mime-types@2.1.9
51 silly idealTree:prePrune ├── mime@1.2.4
51 silly idealTree:prePrune ├── minimatch@2.0.10
51 silly idealTree:prePrune ├── minimist@1.2.0
51 silly idealTree:prePrune ├── mkdirp@0.3.0
51 silly idealTree:prePrune ├── moment@2.11.2
51 silly idealTree:prePrune ├── ms@0.7.1
51 silly idealTree:prePrune ├── nan@2.2.0
51 silly idealTree:prePrune ├── negotiator@0.5.3
51 silly idealTree:prePrune ├── node-uuid@1.4.7
51 silly idealTree:prePrune ├── nopt@3.0.6
51 silly idealTree:prePrune ├── normalize-path@2.0.1
51 silly idealTree:prePrune ├── number-is-nan@1.0.0
51 silly idealTree:prePrune ├── oauth-sign@0.8.1
51 silly idealTree:prePrune ├── object-assign@3.0.0
51 silly idealTree:prePrune ├── object-component@0.0.3
51 silly idealTree:prePrune ├── object-keys@1.0.1
51 silly idealTree:prePrune ├── object-path@0.9.2
51 silly idealTree:prePrune ├── object.omit@2.0.0
51 silly idealTree:prePrune ├── on-finished@2.3.0
51 silly idealTree:prePrune ├── once@1.3.3
51 silly idealTree:prePrune ├── openurl@1.1.0
51 silly idealTree:prePrune ├─┬ opn@3.0.3
51 silly idealTree:prePrune │ └── object-assign@4.0.1
51 silly idealTree:prePrune ├─┬ opt-merger@1.1.1
51 silly idealTree:prePrune │ └── lodash@3.10.1
51 silly idealTree:prePrune ├── options@0.0.6
51 silly idealTree:prePrune ├── os-locale@1.4.0
51 silly idealTree:prePrune ├── parse-glob@3.0.4
51 silly idealTree:prePrune ├── parsejson@0.0.1
51 silly idealTree:prePrune ├── parseqs@0.0.2
51 silly idealTree:prePrune ├── parseuri@0.0.2
51 silly idealTree:prePrune ├── parseurl@1.3.1
51 silly idealTree:prePrune ├── path-is-absolute@1.0.0
51 silly idealTree:prePrune ├── pinkie-promise@2.0.0
51 silly idealTree:prePrune ├── pinkie@2.0.4
51 silly idealTree:prePrune ├─┬ portscanner@1.0.0
51 silly idealTree:prePrune │ └── async@0.1.15
51 silly idealTree:prePrune ├── preserve@0.2.0
51 silly idealTree:prePrune ├── process-nextick-args@1.0.6
51 silly idealTree:prePrune ├── qs@0.4.2
51 silly idealTree:prePrune ├── query-string@2.4.2
51 silly idealTree:prePrune ├── randomatic@1.1.5
51 silly idealTree:prePrune ├── range-parser@1.0.3
51 silly idealTree:prePrune ├── readable-stream@2.0.5
51 silly idealTree:prePrune ├── readdirp@2.0.0
51 silly idealTree:prePrune ├── reflect-metadata@0.1.2
51 silly idealTree:prePrune ├── regex-cache@0.4.2
51 silly idealTree:prePrune ├── repeat-element@1.1.2
51 silly idealTree:prePrune ├── repeat-string@1.5.2
51 silly idealTree:prePrune ├── repeating@1.1.3
51 silly idealTree:prePrune ├─┬ request@2.65.0
51 silly idealTree:prePrune │ └── qs@5.2.0
51 silly idealTree:prePrune ├── requires-port@1.0.0
51 silly idealTree:prePrune ├── resp-modifier@5.0.2
51 silly idealTree:prePrune ├── rimraf@2.5.1
51 silly idealTree:prePrune ├── rx@2.3.24
51 silly idealTree:prePrune ├── rxjs@5.0.0-beta.0
51 silly idealTree:prePrune ├─┬ send@0.13.1
51 silly idealTree:prePrune │ └── mime@1.3.4
51 silly idealTree:prePrune ├── serve-index@1.7.3
51 silly idealTree:prePrune ├── serve-static@1.10.2
51 silly idealTree:prePrune ├── sntp@1.0.9
51 silly idealTree:prePrune ├─┬ socket.io-adapter@0.3.1
51 silly idealTree:prePrune │ ├── debug@1.0.2
51 silly idealTree:prePrune │ ├── ms@0.6.2
51 silly idealTree:prePrune │ └─┬ socket.io-parser@2.2.2
51 silly idealTree:prePrune │   └── debug@0.7.4
51 silly idealTree:prePrune ├─┬ socket.io-client@1.3.7
51 silly idealTree:prePrune │ └── debug@0.7.4
51 silly idealTree:prePrune ├─┬ socket.io-parser@2.2.4
51 silly idealTree:prePrune │ └── debug@0.7.4
51 silly idealTree:prePrune ├─┬ socket.io@1.3.7
51 silly idealTree:prePrune │ ├── debug@2.1.0
51 silly idealTree:prePrune │ └── ms@0.6.2
51 silly idealTree:prePrune ├── statuses@1.2.1
51 silly idealTree:prePrune ├── stream-throttle@0.1.3
51 silly idealTree:prePrune ├── strict-uri-encode@1.1.0
51 silly idealTree:prePrune ├── string_decoder@0.10.31
51 silly idealTree:prePrune ├─┬ string-width@1.0.1
51 silly idealTree:prePrune │ ├── ansi-regex@2.0.0
51 silly idealTree:prePrune │ └── strip-ansi@3.0.0
51 silly idealTree:prePrune ├── stringstream@0.0.5
51 silly idealTree:prePrune ├── strip-ansi@0.3.0
51 silly idealTree:prePrune ├── supports-color@0.2.0
51 silly idealTree:prePrune ├── tfunk@3.0.1
51 silly idealTree:prePrune ├── to-array@0.1.3
51 silly idealTree:prePrune ├── tough-cookie@2.2.1
51 silly idealTree:prePrune ├── tunnel-agent@0.4.2
51 silly idealTree:prePrune ├── ua-parser-js@0.7.10
51 silly idealTree:prePrune ├── ucfirst@1.0.0
51 silly idealTree:prePrune ├── ultron@1.0.2
51 silly idealTree:prePrune ├── underscore@1.7.0
51 silly idealTree:prePrune ├── unpipe@1.0.0
51 silly idealTree:prePrune ├── utf-8-validate@1.2.1
51 silly idealTree:prePrune ├── utf8@2.1.0
51 silly idealTree:prePrune ├── util-deprecate@1.0.2
51 silly idealTree:prePrune ├── utils-merge@1.0.0
51 silly idealTree:prePrune ├── weinre@2.0.0-pre-I0Z7U9OV
51 silly idealTree:prePrune ├── window-size@0.1.4
51 silly idealTree:prePrune ├── wrap-ansi@1.0.0
51 silly idealTree:prePrune ├── wrappy@1.0.1
51 silly idealTree:prePrune ├── ws@0.8.0
51 silly idealTree:prePrune ├── xmlhttprequest@1.5.0
51 silly idealTree:prePrune ├── xtend@4.0.1
51 silly idealTree:prePrune ├── y18n@3.2.0
51 silly idealTree:prePrune ├── yargs@3.29.0
51 silly idealTree:prePrune └── zone.js@0.5.11
52 silly loadIdealTree Finishing
53 silly currentTree angular2-quickstart@1.0.0
53 silly currentTree ├── abbrev@1.0.7
53 silly currentTree ├── accepts@1.2.13
53 silly currentTree ├── after@0.8.1
53 silly currentTree ├── angular2@2.0.0-beta.3
53 silly currentTree ├── ansi-regex@0.2.1
53 silly currentTree ├── ansi-styles@1.1.0
53 silly currentTree ├── anymatch@1.3.0
53 silly currentTree ├── arr-diff@2.0.0
53 silly currentTree ├── arr-flatten@1.0.1
53 silly currentTree ├── array-unique@0.2.1
53 silly currentTree ├── arraybuffer.slice@0.0.6
53 silly currentTree ├── arrify@1.0.1
53 silly currentTree ├── asn1@0.1.11
53 silly currentTree ├── assert-plus@0.1.5
53 silly currentTree ├── async-each-series@0.1.1
53 silly currentTree ├── async-each@0.1.6
53 silly currentTree ├── async@1.5.2
53 silly currentTree ├── aws-sign2@0.6.0
53 silly currentTree ├── backo2@1.0.2
53 silly currentTree ├── balanced-match@0.3.0
53 silly currentTree ├── base64-arraybuffer@0.1.2
53 silly currentTree ├── base64id@0.1.0
53 silly currentTree ├── batch@0.5.3
53 silly currentTree ├── benchmark@1.0.0
53 silly currentTree ├── better-assert@1.0.2
53 silly currentTree ├── binary-extensions@1.4.0
53 silly currentTree ├── bindings@1.2.1
53 silly currentTree ├── bl@1.0.2
53 silly currentTree ├── blob@0.0.4
53 silly currentTree ├── bluebird@2.9.6
53 silly currentTree ├── boom@2.10.1
53 silly currentTree ├── brace-expansion@1.1.2
53 silly currentTree ├── braces@1.8.3
53 silly currentTree ├── browser-sync-client@2.4.1
53 silly currentTree ├── browser-sync-ui@0.5.18
53 silly currentTree ├─┬ browser-sync@2.11.1
53 silly currentTree │ └── lodash@3.10.1
53 silly currentTree ├── bs-recipes@1.0.5
53 silly currentTree ├── bufferutil@1.2.1
53 silly currentTree ├── callsite@1.0.0
53 silly currentTree ├── camelcase-keys@1.0.0
53 silly currentTree ├── camelcase@1.2.1
53 silly currentTree ├── caseless@0.11.0
53 silly currentTree ├── chalk@0.5.1
53 silly currentTree ├── chokidar@1.4.1
53 silly currentTree ├─┬ cliui@3.1.0
53 silly currentTree │ ├── ansi-regex@2.0.0
53 silly currentTree │ └── strip-ansi@3.0.0
53 silly currentTree ├── code-point-at@1.0.0
53 silly currentTree ├── combined-stream@1.0.5
53 silly currentTree ├── commander@2.6.0
53 silly currentTree ├── component-bind@1.0.0
53 silly currentTree ├── component-emitter@1.1.2
53 silly currentTree ├── component-inherit@0.0.3
53 silly currentTree ├── concat-map@0.0.1
53 silly currentTree ├── concurrently@1.0.0
53 silly currentTree ├── connect-history-api-fallback@1.1.0
53 silly currentTree ├── connect-logger@0.0.1
53 silly currentTree ├── connect@3.4.1
53 silly currentTree ├── core-util-is@1.0.2
53 silly currentTree ├── cross-spawn@0.2.9
53 silly currentTree ├── cryptiles@2.0.5
53 silly currentTree ├── ctype@0.5.3
53 silly currentTree ├── debug@2.2.0
53 silly currentTree ├── decamelize@1.1.2
53 silly currentTree ├── delayed-stream@1.0.0
53 silly currentTree ├── depd@1.1.0
53 silly currentTree ├── destroy@1.0.4
53 silly currentTree ├── dev-ip@1.0.1
53 silly currentTree ├─┬ easy-extender@2.3.2
53 silly currentTree │ └── lodash@3.10.1
53 silly currentTree ├── eazy-logger@2.1.2
53 silly currentTree ├── ee-first@1.1.1
53 silly currentTree ├── emitter-steward@1.0.0
53 silly currentTree ├─┬ engine.io-client@1.5.4
53 silly currentTree │ ├── debug@1.0.4
53 silly currentTree │ ├── ms@0.6.2
53 silly currentTree │ └── parseuri@0.0.4
53 silly currentTree ├── engine.io-parser@1.2.2
53 silly currentTree ├─┬ engine.io@1.5.4
53 silly currentTree │ ├── debug@1.0.3
53 silly currentTree │ └── ms@0.6.2
53 silly currentTree ├── es6-promise@3.0.2
53 silly currentTree ├── es6-shim@0.33.13
53 silly currentTree ├── escape-html@1.0.3
53 silly currentTree ├── escape-string-regexp@1.0.4
53 silly currentTree ├── etag@1.7.0
53 silly currentTree ├── eventemitter3@1.1.1
53 silly currentTree ├── expand-brackets@0.1.4
53 silly currentTree ├── expand-range@1.8.1
53 silly currentTree ├─┬ express@2.5.11
53 silly currentTree │ └── connect@1.9.2
53 silly currentTree ├── extend@3.0.0
53 silly currentTree ├── extglob@0.3.2
53 silly currentTree ├── filename-regex@2.0.0
53 silly currentTree ├── fill-range@2.2.3
53 silly currentTree ├── finalhandler@0.4.1
53 silly currentTree ├── for-in@0.1.4
53 silly currentTree ├── for-own@0.1.3
53 silly currentTree ├── forever-agent@0.6.1
53 silly currentTree ├── form-data@1.0.0-rc3
53 silly currentTree ├── formidable@1.0.17
53 silly currentTree ├─┬ foxy@11.1.4
53 silly currentTree │ └── resp-modifier@4.0.4
53 silly currentTree ├── fresh@0.3.0
53 silly currentTree ├── fs-extra@0.26.5
53 silly currentTree ├─┬ fsevents@1.0.7
53 silly currentTree │ ├── ansi-regex@2.0.0
53 silly currentTree │ ├── ansi-styles@2.1.0
53 silly currentTree │ ├── ansi@0.3.0
53 silly currentTree │ ├── are-we-there-yet@1.0.5
53 silly currentTree │ ├── asn1@0.2.3
53 silly currentTree │ ├── assert-plus@0.1.5
53 silly currentTree │ ├── async@1.5.1
53 silly currentTree │ ├── aws-sign2@0.6.0
53 silly currentTree │ ├── bl@1.0.0
53 silly currentTree │ ├── block-stream@0.0.8
53 silly currentTree │ ├── boom@2.10.1
53 silly currentTree │ ├── caseless@0.11.0
53 silly currentTree │ ├── chalk@1.1.1
53 silly currentTree │ ├── combined-stream@1.0.5
53 silly currentTree │ ├── commander@2.9.0
53 silly currentTree │ ├── core-util-is@1.0.2
53 silly currentTree │ ├── cryptiles@2.0.5
53 silly currentTree │ ├── dashdash@1.11.0
53 silly currentTree │ ├── debug@0.7.4
53 silly currentTree │ ├── deep-extend@0.4.0
53 silly currentTree │ ├── delayed-stream@1.0.0
53 silly currentTree │ ├── delegates@0.1.0
53 silly currentTree │ ├── ecc-jsbn@0.1.1
53 silly currentTree │ ├── escape-string-regexp@1.0.4
53 silly currentTree │ ├── extend@3.0.0
53 silly currentTree │ ├── extsprintf@1.0.2
53 silly currentTree │ ├── forever-agent@0.6.1
53 silly currentTree │ ├── form-data@1.0.0-rc3
53 silly currentTree │ ├─┬ fstream-ignore@1.0.3
53 silly currentTree │ │ └─┬ minimatch@3.0.0
53 silly currentTree │ │   └─┬ brace-expansion@1.1.2
53 silly currentTree │ │     ├── balanced-match@0.3.0
53 silly currentTree │ │     └── concat-map@0.0.1
53 silly currentTree │ ├── fstream@1.0.8
53 silly currentTree │ ├── gauge@1.2.2
53 silly currentTree │ ├── generate-function@2.0.0
53 silly currentTree │ ├── generate-object-property@1.2.0
53 silly currentTree │ ├── graceful-fs@4.1.2
53 silly currentTree │ ├── graceful-readlink@1.0.1
53 silly currentTree │ ├── har-validator@2.0.3
53 silly currentTree │ ├── has-ansi@2.0.0
53 silly currentTree │ ├── has-unicode@1.0.1
53 silly currentTree │ ├── hawk@3.1.2
53 silly currentTree │ ├── hoek@2.16.3
53 silly currentTree │ ├── http-signature@1.1.0
53 silly currentTree │ ├── inherits@2.0.1
53 silly currentTree │ ├── ini@1.3.4
53 silly currentTree │ ├── is-my-json-valid@2.12.3
53 silly currentTree │ ├── is-property@1.0.2
53 silly currentTree │ ├── is-typedarray@1.0.0
53 silly currentTree │ ├── isarray@0.0.1
53 silly currentTree │ ├── isstream@0.1.2
53 silly currentTree │ ├── jodid25519@1.0.2
53 silly currentTree │ ├── jsbn@0.1.0
53 silly currentTree │ ├── json-schema@0.2.2
53 silly currentTree │ ├── json-stringify-safe@5.0.1
53 silly currentTree │ ├── jsonpointer@2.0.0
53 silly currentTree │ ├── jsprim@1.2.2
53 silly currentTree │ ├── lodash._basetostring@3.0.1
53 silly currentTree │ ├── lodash._createpadding@3.6.1
53 silly currentTree │ ├── lodash.pad@3.1.1
53 silly currentTree │ ├── lodash.padleft@3.1.1
53 silly currentTree │ ├── lodash.padright@3.1.1
53 silly currentTree │ ├── lodash.repeat@3.0.1
53 silly currentTree │ ├── mime-db@1.21.0
53 silly currentTree │ ├── mime-types@2.1.9
53 silly currentTree │ ├── minimist@0.0.8
53 silly currentTree │ ├── mkdirp@0.5.1
53 silly currentTree │ ├─┬ node-pre-gyp@0.6.19
53 silly currentTree │ │ └─┬ nopt@3.0.6
53 silly currentTree │ │   └── abbrev@1.0.7
53 silly currentTree │ ├── node-uuid@1.4.7
53 silly currentTree │ ├── npmlog@2.0.0
53 silly currentTree │ ├── oauth-sign@0.8.0
53 silly currentTree │ ├── once@1.1.1
53 silly currentTree │ ├── pinkie-promise@2.0.0
53 silly currentTree │ ├── pinkie@2.0.1
53 silly currentTree │ ├── process-nextick-args@1.0.6
53 silly currentTree │ ├── qs@5.2.0
53 silly currentTree │ ├─┬ rc@1.1.6
53 silly currentTree │ │ └── minimist@1.2.0
53 silly currentTree │ ├── readable-stream@2.0.5
53 silly currentTree │ ├── request@2.67.0
53 silly currentTree │ ├─┬ rimraf@2.5.0
53 silly currentTree │ │ └─┬ glob@6.0.3
53 silly currentTree │ │   ├─┬ inflight@1.0.4
53 silly currentTree │ │   │ └── wrappy@1.0.1
53 silly currentTree │ │   ├── inherits@2.0.1
53 silly currentTree │ │   ├─┬ minimatch@3.0.0
53 silly currentTree │ │   │ └─┬ brace-expansion@1.1.2
53 silly currentTree │ │   │   ├── balanced-match@0.3.0
53 silly currentTree │ │   │   └── concat-map@0.0.1
53 silly currentTree │ │   ├─┬ once@1.3.3
53 silly currentTree │ │   │ └── wrappy@1.0.1
53 silly currentTree │ │   └── path-is-absolute@1.0.0
53 silly currentTree │ ├── semver@5.1.0
53 silly currentTree │ ├── sntp@1.0.9
53 silly currentTree │ ├─┬ sshpk@1.7.2
53 silly currentTree │ │ └── assert-plus@0.2.0
53 silly currentTree │ ├── string_decoder@0.10.31
53 silly currentTree │ ├── stringstream@0.0.5
53 silly currentTree │ ├── strip-ansi@3.0.0
53 silly currentTree │ ├── strip-json-comments@1.0.4
53 silly currentTree │ ├── supports-color@2.0.0
53 silly currentTree │ ├─┬ tar-pack@3.1.2
53 silly currentTree │ │ └─┬ rimraf@2.4.5
53 silly currentTree │ │   └─┬ glob@6.0.3
53 silly currentTree │ │     ├─┬ inflight@1.0.4
53 silly currentTree │ │     │ └── wrappy@1.0.1
53 silly currentTree │ │     ├── inherits@2.0.1
53 silly currentTree │ │     ├─┬ minimatch@3.0.0
53 silly currentTree │ │     │ └─┬ brace-expansion@1.1.2
53 silly currentTree │ │     │   ├── balanced-match@0.3.0
53 silly currentTree │ │     │   └── concat-map@0.0.1
53 silly currentTree │ │     ├─┬ once@1.3.3
53 silly currentTree │ │     │ └── wrappy@1.0.1
53 silly currentTree │ │     └── path-is-absolute@1.0.0
53 silly currentTree │ ├── tar@2.2.1
53 silly currentTree │ ├── tough-cookie@2.2.1
53 silly currentTree │ ├── tunnel-agent@0.4.2
53 silly currentTree │ ├── tweetnacl@0.13.2
53 silly currentTree │ ├── uid-number@0.0.3
53 silly currentTree │ ├── util-deprecate@1.0.2
53 silly currentTree │ ├── verror@1.3.6
53 silly currentTree │ └── xtend@4.0.1
53 silly currentTree ├── generate-function@2.0.0
53 silly currentTree ├── generate-object-property@1.2.0
53 silly currentTree ├── get-stdin@4.0.1
53 silly currentTree ├── glob-base@0.3.0
53 silly currentTree ├── glob-parent@2.0.0
53 silly currentTree ├── glob@6.0.4
53 silly currentTree ├── global@2.0.1
53 silly currentTree ├── graceful-fs@4.1.3
53 silly currentTree ├── graceful-readlink@1.0.1
53 silly currentTree ├─┬ har-validator@2.0.6
53 silly currentTree │ ├── ansi-regex@2.0.0
53 silly currentTree │ ├── ansi-styles@2.1.0
53 silly currentTree │ ├── chalk@1.1.1
53 silly currentTree │ ├── commander@2.9.0
53 silly currentTree │ ├── has-ansi@2.0.0
53 silly currentTree │ ├── strip-ansi@3.0.0
53 silly currentTree │ └── supports-color@2.0.0
53 silly currentTree ├── has-ansi@0.1.0
53 silly currentTree ├── has-binary-data@0.1.3
53 silly currentTree ├── has-binary@0.1.6
53 silly currentTree ├── has-cors@1.0.3
53 silly currentTree ├── hawk@3.1.3
53 silly currentTree ├── hoek@2.16.3
53 silly currentTree ├── http-errors@1.3.1
53 silly currentTree ├── http-proxy@1.13.1
53 silly currentTree ├── http-signature@0.11.0
53 silly currentTree ├── immutable@3.7.6
53 silly currentTree ├── indent-string@1.2.2
53 silly currentTree ├── indexof@0.0.1
53 silly currentTree ├── inflight@1.0.4
53 silly currentTree ├── inherits@2.0.1
53 silly currentTree ├── invert-kv@1.0.0
53 silly currentTree ├── is-binary-path@1.0.1
53 silly currentTree ├── is-buffer@1.1.2
53 silly currentTree ├── is-dotfile@1.0.2
53 silly currentTree ├── is-equal-shallow@0.1.3
53 silly currentTree ├── is-extendable@0.1.1
53 silly currentTree ├── is-extglob@1.0.0
53 silly currentTree ├── is-finite@1.0.1
53 silly currentTree ├── is-fullwidth-code-point@1.0.0
53 silly currentTree ├── is-glob@2.0.1
53 silly currentTree ├── is-my-json-valid@2.12.4
53 silly currentTree ├── is-number@2.1.0
53 silly currentTree ├── is-primitive@2.0.0
53 silly currentTree ├── is-property@1.0.2
53 silly currentTree ├── isarray@0.0.1
53 silly currentTree ├── isobject@2.0.0
53 silly currentTree ├── isstream@0.1.2
53 silly currentTree ├── json-stringify-safe@5.0.1
53 silly currentTree ├── json3@3.2.6
53 silly currentTree ├── jsonfile@2.2.3
53 silly currentTree ├── jsonpointer@2.0.0
53 silly currentTree ├── kind-of@3.0.2
53 silly currentTree ├── klaw@1.1.3
53 silly currentTree ├── lazy-cache@0.2.7
53 silly currentTree ├── lcid@1.0.0
53 silly currentTree ├── limiter@1.1.0
53 silly currentTree ├─┬ lite-server@2.0.1
53 silly currentTree │ └── lodash@4.3.0
53 silly currentTree ├── localtunnel@1.8.1
53 silly currentTree ├── lodash._arraycopy@3.0.0
53 silly currentTree ├── lodash._arrayeach@3.0.0
53 silly currentTree ├── lodash._basecopy@3.0.1
53 silly currentTree ├── lodash._basefor@3.0.3
53 silly currentTree ├── lodash._bindcallback@3.0.1
53 silly currentTree ├── lodash._createassigner@3.1.1
53 silly currentTree ├── lodash._getnative@3.9.1
53 silly currentTree ├── lodash._isiterateecall@3.0.9
53 silly currentTree ├── lodash.isarguments@3.0.6
53 silly currentTree ├── lodash.isarray@3.0.4
53 silly currentTree ├── lodash.isplainobject@3.2.0
53 silly currentTree ├── lodash.istypedarray@3.0.4
53 silly currentTree ├── lodash.keys@3.1.2
53 silly currentTree ├── lodash.keysin@3.0.8
53 silly currentTree ├── lodash.merge@3.3.2
53 silly currentTree ├── lodash.restparam@3.6.1
53 silly currentTree ├── lodash.toplainobject@3.0.0
53 silly currentTree ├── lodash@3.1.0
53 silly currentTree ├── longest@1.0.1
53 silly currentTree ├── lru-cache@2.7.3
53 silly currentTree ├── map-obj@1.0.1
53 silly currentTree ├── meow@3.3.0
53 silly currentTree ├── micromatch@2.3.5
53 silly currentTree ├── mime-db@1.21.0
53 silly currentTree ├── mime-types@2.1.9
53 silly currentTree ├── mime@1.2.4
53 silly currentTree ├── minimatch@2.0.10
53 silly currentTree ├── minimist@1.2.0
53 silly currentTree ├── mkdirp@0.3.0
53 silly currentTree ├── moment@2.11.2
53 silly currentTree ├── ms@0.7.1
53 silly currentTree ├── nan@2.2.0
53 silly currentTree ├── negotiator@0.5.3
53 silly currentTree ├── node-uuid@1.4.7
53 silly currentTree ├── nopt@3.0.6
53 silly currentTree ├── normalize-path@2.0.1
53 silly currentTree ├── number-is-nan@1.0.0
53 silly currentTree ├── oauth-sign@0.8.1
53 silly currentTree ├── object-assign@3.0.0
53 silly currentTree ├── object-component@0.0.3
53 silly currentTree ├── object-keys@1.0.1
53 silly currentTree ├── object-path@0.9.2
53 silly currentTree ├── object.omit@2.0.0
53 silly currentTree ├── on-finished@2.3.0
53 silly currentTree ├── once@1.3.3
53 silly currentTree ├── openurl@1.1.0
53 silly currentTree ├─┬ opn@3.0.3
53 silly currentTree │ └── object-assign@4.0.1
53 silly currentTree ├─┬ opt-merger@1.1.1
53 silly currentTree │ └── lodash@3.10.1
53 silly currentTree ├── options@0.0.6
53 silly currentTree ├── os-locale@1.4.0
53 silly currentTree ├── parse-glob@3.0.4
53 silly currentTree ├── parsejson@0.0.1
53 silly currentTree ├── parseqs@0.0.2
53 silly currentTree ├── parseuri@0.0.2
53 silly currentTree ├── parseurl@1.3.1
53 silly currentTree ├── path-is-absolute@1.0.0
53 silly currentTree ├── pinkie-promise@2.0.0
53 silly currentTree ├── pinkie@2.0.4
53 silly currentTree ├─┬ portscanner@1.0.0
53 silly currentTree │ └── async@0.1.15
53 silly currentTree ├── preserve@0.2.0
53 silly currentTree ├── process-nextick-args@1.0.6
53 silly currentTree ├── qs@0.4.2
53 silly currentTree ├── query-string@2.4.2
53 silly currentTree ├── randomatic@1.1.5
53 silly currentTree ├── range-parser@1.0.3
53 silly currentTree ├── readable-stream@2.0.5
53 silly currentTree ├── readdirp@2.0.0
53 silly currentTree ├── reflect-metadata@0.1.2
53 silly currentTree ├── regex-cache@0.4.2
53 silly currentTree ├── repeat-element@1.1.2
53 silly currentTree ├── repeat-string@1.5.2
53 silly currentTree ├── repeating@1.1.3
53 silly currentTree ├─┬ request@2.65.0
53 silly currentTree │ └── qs@5.2.0
53 silly currentTree ├── requires-port@1.0.0
53 silly currentTree ├── resp-modifier@5.0.2
53 silly currentTree ├── rimraf@2.5.1
53 silly currentTree ├── rx@2.3.24
53 silly currentTree ├── rxjs@5.0.0-beta.0
53 silly currentTree ├─┬ send@0.13.1
53 silly currentTree │ └── mime@1.3.4
53 silly currentTree ├── serve-index@1.7.3
53 silly currentTree ├── serve-static@1.10.2
53 silly currentTree ├── sntp@1.0.9
53 silly currentTree ├─┬ socket.io-adapter@0.3.1
53 silly currentTree │ ├── debug@1.0.2
53 silly currentTree │ ├── ms@0.6.2
53 silly currentTree │ └─┬ socket.io-parser@2.2.2
53 silly currentTree │   └── debug@0.7.4
53 silly currentTree ├─┬ socket.io-client@1.3.7
53 silly currentTree │ └── debug@0.7.4
53 silly currentTree ├─┬ socket.io-parser@2.2.4
53 silly currentTree │ └── debug@0.7.4
53 silly currentTree ├─┬ socket.io@1.3.7
53 silly currentTree │ ├── debug@2.1.0
53 silly currentTree │ └── ms@0.6.2
53 silly currentTree ├── statuses@1.2.1
53 silly currentTree ├── stream-throttle@0.1.3
53 silly currentTree ├── strict-uri-encode@1.1.0
53 silly currentTree ├── string_decoder@0.10.31
53 silly currentTree ├─┬ string-width@1.0.1
53 silly currentTree │ ├── ansi-regex@2.0.0
53 silly currentTree │ └── strip-ansi@3.0.0
53 silly currentTree ├── stringstream@0.0.5
53 silly currentTree ├── strip-ansi@0.3.0
53 silly currentTree ├── supports-color@0.2.0
53 silly currentTree ├── tfunk@3.0.1
53 silly currentTree ├── to-array@0.1.3
53 silly currentTree ├── tough-cookie@2.2.1
53 silly currentTree ├── tunnel-agent@0.4.2
53 silly currentTree ├── ua-parser-js@0.7.10
53 silly currentTree ├── ucfirst@1.0.0
53 silly currentTree ├── ultron@1.0.2
53 silly currentTree ├── underscore@1.7.0
53 silly currentTree ├── unpipe@1.0.0
53 silly currentTree ├── utf-8-validate@1.2.1
53 silly currentTree ├── utf8@2.1.0
53 silly currentTree ├── util-deprecate@1.0.2
53 silly currentTree ├── utils-merge@1.0.0
53 silly currentTree ├── weinre@2.0.0-pre-I0Z7U9OV
53 silly currentTree ├── window-size@0.1.4
53 silly currentTree ├── wrap-ansi@1.0.0
53 silly currentTree ├── wrappy@1.0.1
53 silly currentTree ├── ws@0.8.0
53 silly currentTree ├── xmlhttprequest@1.5.0
53 silly currentTree ├── xtend@4.0.1
53 silly currentTree ├── y18n@3.2.0
53 silly currentTree └── yargs@3.29.0
54 silly idealTree angular2-quickstart@1.0.0
54 silly idealTree ├── abbrev@1.0.7
54 silly idealTree ├── accepts@1.2.13
54 silly idealTree ├── after@0.8.1
54 silly idealTree ├── angular2@2.0.0-beta.3
54 silly idealTree ├── ansi-regex@0.2.1
54 silly idealTree ├── ansi-styles@1.1.0
54 silly idealTree ├── anymatch@1.3.0
54 silly idealTree ├── arr-diff@2.0.0
54 silly idealTree ├── arr-flatten@1.0.1
54 silly idealTree ├── array-unique@0.2.1
54 silly idealTree ├── arraybuffer.slice@0.0.6
54 silly idealTree ├── arrify@1.0.1
54 silly idealTree ├── asn1@0.1.11
54 silly idealTree ├── assert-plus@0.1.5
54 silly idealTree ├── async-each-series@0.1.1
54 silly idealTree ├── async-each@0.1.6
54 silly idealTree ├── async@1.5.2
54 silly idealTree ├── aws-sign2@0.6.0
54 silly idealTree ├── backo2@1.0.2
54 silly idealTree ├── balanced-match@0.3.0
54 silly idealTree ├── base64-arraybuffer@0.1.2
54 silly idealTree ├── base64id@0.1.0
54 silly idealTree ├── batch@0.5.3
54 silly idealTree ├── benchmark@1.0.0
54 silly idealTree ├── better-assert@1.0.2
54 silly idealTree ├── binary-extensions@1.4.0
54 silly idealTree ├── bindings@1.2.1
54 silly idealTree ├── bl@1.0.2
54 silly idealTree ├── blob@0.0.4
54 silly idealTree ├── bluebird@2.9.6
54 silly idealTree ├── boom@2.10.1
54 silly idealTree ├── brace-expansion@1.1.2
54 silly idealTree ├── braces@1.8.3
54 silly idealTree ├── browser-sync-client@2.4.1
54 silly idealTree ├── browser-sync-ui@0.5.18
54 silly idealTree ├─┬ browser-sync@2.11.1
54 silly idealTree │ └── lodash@3.10.1
54 silly idealTree ├── bs-recipes@1.0.5
54 silly idealTree ├── bufferutil@1.2.1
54 silly idealTree ├── callsite@1.0.0
54 silly idealTree ├── camelcase-keys@1.0.0
54 silly idealTree ├── camelcase@1.2.1
54 silly idealTree ├── caseless@0.11.0
54 silly idealTree ├── chalk@0.5.1
54 silly idealTree ├── chokidar@1.4.1
54 silly idealTree ├─┬ cliui@3.1.0
54 silly idealTree │ ├── ansi-regex@2.0.0
54 silly idealTree │ └── strip-ansi@3.0.0
54 silly idealTree ├── code-point-at@1.0.0
54 silly idealTree ├── combined-stream@1.0.5
54 silly idealTree ├── commander@2.6.0
54 silly idealTree ├── component-bind@1.0.0
54 silly idealTree ├── component-emitter@1.1.2
54 silly idealTree ├── component-inherit@0.0.3
54 silly idealTree ├── concat-map@0.0.1
54 silly idealTree ├── concurrently@1.0.0
54 silly idealTree ├── connect-history-api-fallback@1.1.0
54 silly idealTree ├── connect-logger@0.0.1
54 silly idealTree ├── connect@3.4.1
54 silly idealTree ├── core-util-is@1.0.2
54 silly idealTree ├── cross-spawn@0.2.9
54 silly idealTree ├── cryptiles@2.0.5
54 silly idealTree ├── ctype@0.5.3
54 silly idealTree ├── debug@2.2.0
54 silly idealTree ├── decamelize@1.1.2
54 silly idealTree ├── delayed-stream@1.0.0
54 silly idealTree ├── depd@1.1.0
54 silly idealTree ├── destroy@1.0.4
54 silly idealTree ├── dev-ip@1.0.1
54 silly idealTree ├─┬ easy-extender@2.3.2
54 silly idealTree │ └── lodash@3.10.1
54 silly idealTree ├── eazy-logger@2.1.2
54 silly idealTree ├── ee-first@1.1.1
54 silly idealTree ├── emitter-steward@1.0.0
54 silly idealTree ├─┬ engine.io-client@1.5.4
54 silly idealTree │ ├── debug@1.0.4
54 silly idealTree │ ├── ms@0.6.2
54 silly idealTree │ └── parseuri@0.0.4
54 silly idealTree ├── engine.io-parser@1.2.2
54 silly idealTree ├─┬ engine.io@1.5.4
54 silly idealTree │ ├── debug@1.0.3
54 silly idealTree │ └── ms@0.6.2
54 silly idealTree ├── es6-promise@3.0.2
54 silly idealTree ├── es6-shim@0.33.13
54 silly idealTree ├── escape-html@1.0.3
54 silly idealTree ├── escape-string-regexp@1.0.4
54 silly idealTree ├── etag@1.7.0
54 silly idealTree ├── eventemitter3@1.1.1
54 silly idealTree ├── expand-brackets@0.1.4
54 silly idealTree ├── expand-range@1.8.1
54 silly idealTree ├─┬ express@2.5.11
54 silly idealTree │ └── connect@1.9.2
54 silly idealTree ├── extend@3.0.0
54 silly idealTree ├── extglob@0.3.2
54 silly idealTree ├── filename-regex@2.0.0
54 silly idealTree ├── fill-range@2.2.3
54 silly idealTree ├── finalhandler@0.4.1
54 silly idealTree ├── for-in@0.1.4
54 silly idealTree ├── for-own@0.1.3
54 silly idealTree ├── forever-agent@0.6.1
54 silly idealTree ├── form-data@1.0.0-rc3
54 silly idealTree ├── formidable@1.0.17
54 silly idealTree ├─┬ foxy@11.1.4
54 silly idealTree │ └── resp-modifier@4.0.4
54 silly idealTree ├── fresh@0.3.0
54 silly idealTree ├── fs-extra@0.26.5
54 silly idealTree ├─┬ fsevents@1.0.7
54 silly idealTree │ ├── ansi-regex@2.0.0
54 silly idealTree │ ├── ansi-styles@2.1.0
54 silly idealTree │ ├── ansi@0.3.0
54 silly idealTree │ ├── are-we-there-yet@1.0.5
54 silly idealTree │ ├── asn1@0.2.3
54 silly idealTree │ ├── assert-plus@0.1.5
54 silly idealTree │ ├── async@1.5.1
54 silly idealTree │ ├── aws-sign2@0.6.0
54 silly idealTree │ ├── bl@1.0.0
54 silly idealTree │ ├── block-stream@0.0.8
54 silly idealTree │ ├── boom@2.10.1
54 silly idealTree │ ├── caseless@0.11.0
54 silly idealTree │ ├── chalk@1.1.1
54 silly idealTree │ ├── combined-stream@1.0.5
54 silly idealTree │ ├── commander@2.9.0
54 silly idealTree │ ├── core-util-is@1.0.2
54 silly idealTree │ ├── cryptiles@2.0.5
54 silly idealTree │ ├── dashdash@1.11.0
54 silly idealTree │ ├── debug@0.7.4
54 silly idealTree │ ├── deep-extend@0.4.0
54 silly idealTree │ ├── delayed-stream@1.0.0
54 silly idealTree │ ├── delegates@0.1.0
54 silly idealTree │ ├── ecc-jsbn@0.1.1
54 silly idealTree │ ├── escape-string-regexp@1.0.4
54 silly idealTree │ ├── extend@3.0.0
54 silly idealTree │ ├── extsprintf@1.0.2
54 silly idealTree │ ├── forever-agent@0.6.1
54 silly idealTree │ ├── form-data@1.0.0-rc3
54 silly idealTree │ ├─┬ fstream-ignore@1.0.3
54 silly idealTree │ │ └─┬ minimatch@3.0.0
54 silly idealTree │ │   └─┬ brace-expansion@1.1.2
54 silly idealTree │ │     ├── balanced-match@0.3.0
54 silly idealTree │ │     └── concat-map@0.0.1
54 silly idealTree │ ├── fstream@1.0.8
54 silly idealTree │ ├── gauge@1.2.2
54 silly idealTree │ ├── generate-function@2.0.0
54 silly idealTree │ ├── generate-object-property@1.2.0
54 silly idealTree │ ├── graceful-fs@4.1.2
54 silly idealTree │ ├── graceful-readlink@1.0.1
54 silly idealTree │ ├── har-validator@2.0.3
54 silly idealTree │ ├── has-ansi@2.0.0
54 silly idealTree │ ├── has-unicode@1.0.1
54 silly idealTree │ ├── hawk@3.1.2
54 silly idealTree │ ├── hoek@2.16.3
54 silly idealTree │ ├── http-signature@1.1.0
54 silly idealTree │ ├── inherits@2.0.1
54 silly idealTree │ ├── ini@1.3.4
54 silly idealTree │ ├── is-my-json-valid@2.12.3
54 silly idealTree │ ├── is-property@1.0.2
54 silly idealTree │ ├── is-typedarray@1.0.0
54 silly idealTree │ ├── isarray@0.0.1
54 silly idealTree │ ├── isstream@0.1.2
54 silly idealTree │ ├── jodid25519@1.0.2
54 silly idealTree │ ├── jsbn@0.1.0
54 silly idealTree │ ├── json-schema@0.2.2
54 silly idealTree │ ├── json-stringify-safe@5.0.1
54 silly idealTree │ ├── jsonpointer@2.0.0
54 silly idealTree │ ├── jsprim@1.2.2
54 silly idealTree │ ├── lodash._basetostring@3.0.1
54 silly idealTree │ ├── lodash._createpadding@3.6.1
54 silly idealTree │ ├── lodash.pad@3.1.1
54 silly idealTree │ ├── lodash.padleft@3.1.1
54 silly idealTree │ ├── lodash.padright@3.1.1
54 silly idealTree │ ├── lodash.repeat@3.0.1
54 silly idealTree │ ├── mime-db@1.21.0
54 silly idealTree │ ├── mime-types@2.1.9
54 silly idealTree │ ├── minimist@0.0.8
54 silly idealTree │ ├── mkdirp@0.5.1
54 silly idealTree │ ├─┬ node-pre-gyp@0.6.19
54 silly idealTree │ │ └─┬ nopt@3.0.6
54 silly idealTree │ │   └── abbrev@1.0.7
54 silly idealTree │ ├── node-uuid@1.4.7
54 silly idealTree │ ├── npmlog@2.0.0
54 silly idealTree │ ├── oauth-sign@0.8.0
54 silly idealTree │ ├── once@1.1.1
54 silly idealTree │ ├── pinkie-promise@2.0.0
54 silly idealTree │ ├── pinkie@2.0.1
54 silly idealTree │ ├── process-nextick-args@1.0.6
54 silly idealTree │ ├── qs@5.2.0
54 silly idealTree │ ├─┬ rc@1.1.6
54 silly idealTree │ │ └── minimist@1.2.0
54 silly idealTree │ ├── readable-stream@2.0.5
54 silly idealTree │ ├── request@2.67.0
54 silly idealTree │ ├─┬ rimraf@2.5.0
54 silly idealTree │ │ └─┬ glob@6.0.3
54 silly idealTree │ │   ├─┬ inflight@1.0.4
54 silly idealTree │ │   │ └── wrappy@1.0.1
54 silly idealTree │ │   ├── inherits@2.0.1
54 silly idealTree │ │   ├─┬ minimatch@3.0.0
54 silly idealTree │ │   │ └─┬ brace-expansion@1.1.2
54 silly idealTree │ │   │   ├── balanced-match@0.3.0
54 silly idealTree │ │   │   └── concat-map@0.0.1
54 silly idealTree │ │   ├─┬ once@1.3.3
54 silly idealTree │ │   │ └── wrappy@1.0.1
54 silly idealTree │ │   └── path-is-absolute@1.0.0
54 silly idealTree │ ├── semver@5.1.0
54 silly idealTree │ ├── sntp@1.0.9
54 silly idealTree │ ├─┬ sshpk@1.7.2
54 silly idealTree │ │ └── assert-plus@0.2.0
54 silly idealTree │ ├── string_decoder@0.10.31
54 silly idealTree │ ├── stringstream@0.0.5
54 silly idealTree │ ├── strip-ansi@3.0.0
54 silly idealTree │ ├── strip-json-comments@1.0.4
54 silly idealTree │ ├── supports-color@2.0.0
54 silly idealTree │ ├─┬ tar-pack@3.1.2
54 silly idealTree │ │ └─┬ rimraf@2.4.5
54 silly idealTree │ │   └─┬ glob@6.0.3
54 silly idealTree │ │     ├─┬ inflight@1.0.4
54 silly idealTree │ │     │ └── wrappy@1.0.1
54 silly idealTree │ │     ├── inherits@2.0.1
54 silly idealTree │ │     ├─┬ minimatch@3.0.0
54 silly idealTree │ │     │ └─┬ brace-expansion@1.1.2
54 silly idealTree │ │     │   ├── balanced-match@0.3.0
54 silly idealTree │ │     │   └── concat-map@0.0.1
54 silly idealTree │ │     ├─┬ once@1.3.3
54 silly idealTree │ │     │ └── wrappy@1.0.1
54 silly idealTree │ │     └── path-is-absolute@1.0.0
54 silly idealTree │ ├── tar@2.2.1
54 silly idealTree │ ├── tough-cookie@2.2.1
54 silly idealTree │ ├── tunnel-agent@0.4.2
54 silly idealTree │ ├── tweetnacl@0.13.2
54 silly idealTree │ ├── uid-number@0.0.3
54 silly idealTree │ ├── util-deprecate@1.0.2
54 silly idealTree │ ├── verror@1.3.6
54 silly idealTree │ └── xtend@4.0.1
54 silly idealTree ├── generate-function@2.0.0
54 silly idealTree ├── generate-object-property@1.2.0
54 silly idealTree ├── get-stdin@4.0.1
54 silly idealTree ├── glob-base@0.3.0
54 silly idealTree ├── glob-parent@2.0.0
54 silly idealTree ├── glob@6.0.4
54 silly idealTree ├── global@2.0.1
54 silly idealTree ├── graceful-fs@4.1.3
54 silly idealTree ├── graceful-readlink@1.0.1
54 silly idealTree ├─┬ har-validator@2.0.6
54 silly idealTree │ ├── ansi-regex@2.0.0
54 silly idealTree │ ├── ansi-styles@2.1.0
54 silly idealTree │ ├── chalk@1.1.1
54 silly idealTree │ ├── commander@2.9.0
54 silly idealTree │ ├── has-ansi@2.0.0
54 silly idealTree │ ├── strip-ansi@3.0.0
54 silly idealTree │ └── supports-color@2.0.0
54 silly idealTree ├── has-ansi@0.1.0
54 silly idealTree ├── has-binary-data@0.1.3
54 silly idealTree ├── has-binary@0.1.6
54 silly idealTree ├── has-cors@1.0.3
54 silly idealTree ├── hawk@3.1.3
54 silly idealTree ├── hoek@2.16.3
54 silly idealTree ├── http-errors@1.3.1
54 silly idealTree ├── http-proxy@1.13.1
54 silly idealTree ├── http-signature@0.11.0
54 silly idealTree ├── immutable@3.7.6
54 silly idealTree ├── indent-string@1.2.2
54 silly idealTree ├── indexof@0.0.1
54 silly idealTree ├── inflight@1.0.4
54 silly idealTree ├── inherits@2.0.1
54 silly idealTree ├── invert-kv@1.0.0
54 silly idealTree ├── is-binary-path@1.0.1
54 silly idealTree ├── is-buffer@1.1.2
54 silly idealTree ├── is-dotfile@1.0.2
54 silly idealTree ├── is-equal-shallow@0.1.3
54 silly idealTree ├── is-extendable@0.1.1
54 silly idealTree ├── is-extglob@1.0.0
54 silly idealTree ├── is-finite@1.0.1
54 silly idealTree ├── is-fullwidth-code-point@1.0.0
54 silly idealTree ├── is-glob@2.0.1
54 silly idealTree ├── is-my-json-valid@2.12.4
54 silly idealTree ├── is-number@2.1.0
54 silly idealTree ├── is-primitive@2.0.0
54 silly idealTree ├── is-property@1.0.2
54 silly idealTree ├── isarray@0.0.1
54 silly idealTree ├── isobject@2.0.0
54 silly idealTree ├── isstream@0.1.2
54 silly idealTree ├── json-stringify-safe@5.0.1
54 silly idealTree ├── json3@3.2.6
54 silly idealTree ├── jsonfile@2.2.3
54 silly idealTree ├── jsonpointer@2.0.0
54 silly idealTree ├── kind-of@3.0.2
54 silly idealTree ├── klaw@1.1.3
54 silly idealTree ├── lazy-cache@0.2.7
54 silly idealTree ├── lcid@1.0.0
54 silly idealTree ├── limiter@1.1.0
54 silly idealTree ├─┬ lite-server@2.0.1
54 silly idealTree │ └── lodash@4.3.0
54 silly idealTree ├── localtunnel@1.8.1
54 silly idealTree ├── lodash._arraycopy@3.0.0
54 silly idealTree ├── lodash._arrayeach@3.0.0
54 silly idealTree ├── lodash._basecopy@3.0.1
54 silly idealTree ├── lodash._basefor@3.0.3
54 silly idealTree ├── lodash._bindcallback@3.0.1
54 silly idealTree ├── lodash._createassigner@3.1.1
54 silly idealTree ├── lodash._getnative@3.9.1
54 silly idealTree ├── lodash._isiterateecall@3.0.9
54 silly idealTree ├── lodash.isarguments@3.0.6
54 silly idealTree ├── lodash.isarray@3.0.4
54 silly idealTree ├── lodash.isplainobject@3.2.0
54 silly idealTree ├── lodash.istypedarray@3.0.4
54 silly idealTree ├── lodash.keys@3.1.2
54 silly idealTree ├── lodash.keysin@3.0.8
54 silly idealTree ├── lodash.merge@3.3.2
54 silly idealTree ├── lodash.restparam@3.6.1
54 silly idealTree ├── lodash.toplainobject@3.0.0
54 silly idealTree ├── lodash@3.1.0
54 silly idealTree ├── longest@1.0.1
54 silly idealTree ├── lru-cache@2.7.3
54 silly idealTree ├── map-obj@1.0.1
54 silly idealTree ├── meow@3.3.0
54 silly idealTree ├── micromatch@2.3.5
54 silly idealTree ├── mime-db@1.21.0
54 silly idealTree ├── mime-types@2.1.9
54 silly idealTree ├── mime@1.2.4
54 silly idealTree ├── minimatch@2.0.10
54 silly idealTree ├── minimist@1.2.0
54 silly idealTree ├── mkdirp@0.3.0
54 silly idealTree ├── moment@2.11.2
54 silly idealTree ├── ms@0.7.1
54 silly idealTree ├── nan@2.2.0
54 silly idealTree ├── negotiator@0.5.3
54 silly idealTree ├── node-uuid@1.4.7
54 silly idealTree ├── nopt@3.0.6
54 silly idealTree ├── normalize-path@2.0.1
54 silly idealTree ├── number-is-nan@1.0.0
54 silly idealTree ├── oauth-sign@0.8.1
54 silly idealTree ├── object-assign@3.0.0
54 silly idealTree ├── object-component@0.0.3
54 silly idealTree ├── object-keys@1.0.1
54 silly idealTree ├── object-path@0.9.2
54 silly idealTree ├── object.omit@2.0.0
54 silly idealTree ├── on-finished@2.3.0
54 silly idealTree ├── once@1.3.3
54 silly idealTree ├── openurl@1.1.0
54 silly idealTree ├─┬ opn@3.0.3
54 silly idealTree │ └── object-assign@4.0.1
54 silly idealTree ├─┬ opt-merger@1.1.1
54 silly idealTree │ └── lodash@3.10.1
54 silly idealTree ├── options@0.0.6
54 silly idealTree ├── os-locale@1.4.0
54 silly idealTree ├── parse-glob@3.0.4
54 silly idealTree ├── parsejson@0.0.1
54 silly idealTree ├── parseqs@0.0.2
54 silly idealTree ├── parseuri@0.0.2
54 silly idealTree ├── parseurl@1.3.1
54 silly idealTree ├── path-is-absolute@1.0.0
54 silly idealTree ├── pinkie-promise@2.0.0
54 silly idealTree ├── pinkie@2.0.4
54 silly idealTree ├─┬ portscanner@1.0.0
54 silly idealTree │ └── async@0.1.15
54 silly idealTree ├── preserve@0.2.0
54 silly idealTree ├── process-nextick-args@1.0.6
54 silly idealTree ├── qs@0.4.2
54 silly idealTree ├── query-string@2.4.2
54 silly idealTree ├── randomatic@1.1.5
54 silly idealTree ├── range-parser@1.0.3
54 silly idealTree ├── readable-stream@2.0.5
54 silly idealTree ├── readdirp@2.0.0
54 silly idealTree ├── reflect-metadata@0.1.2
54 silly idealTree ├── regex-cache@0.4.2
54 silly idealTree ├── repeat-element@1.1.2
54 silly idealTree ├── repeat-string@1.5.2
54 silly idealTree ├── repeating@1.1.3
54 silly idealTree ├─┬ request@2.65.0
54 silly idealTree │ └── qs@5.2.0
54 silly idealTree ├── requires-port@1.0.0
54 silly idealTree ├── resp-modifier@5.0.2
54 silly idealTree ├── rimraf@2.5.1
54 silly idealTree ├── rx@2.3.24
54 silly idealTree ├── rxjs@5.0.0-beta.0
54 silly idealTree ├─┬ send@0.13.1
54 silly idealTree │ └── mime@1.3.4
54 silly idealTree ├── serve-index@1.7.3
54 silly idealTree ├── serve-static@1.10.2
54 silly idealTree ├── sntp@1.0.9
54 silly idealTree ├─┬ socket.io-adapter@0.3.1
54 silly idealTree │ ├── debug@1.0.2
54 silly idealTree │ ├── ms@0.6.2
54 silly idealTree │ └─┬ socket.io-parser@2.2.2
54 silly idealTree │   └── debug@0.7.4
54 silly idealTree ├─┬ socket.io-client@1.3.7
54 silly idealTree │ └── debug@0.7.4
54 silly idealTree ├─┬ socket.io-parser@2.2.4
54 silly idealTree │ └── debug@0.7.4
54 silly idealTree ├─┬ socket.io@1.3.7
54 silly idealTree │ ├── debug@2.1.0
54 silly idealTree │ └── ms@0.6.2
54 silly idealTree ├── statuses@1.2.1
54 silly idealTree ├── stream-throttle@0.1.3
54 silly idealTree ├── strict-uri-encode@1.1.0
54 silly idealTree ├── string_decoder@0.10.31
54 silly idealTree ├─┬ string-width@1.0.1
54 silly idealTree │ ├── ansi-regex@2.0.0
54 silly idealTree │ └── strip-ansi@3.0.0
54 silly idealTree ├── stringstream@0.0.5
54 silly idealTree ├── strip-ansi@0.3.0
54 silly idealTree ├── supports-color@0.2.0
54 silly idealTree ├── tfunk@3.0.1
54 silly idealTree ├── to-array@0.1.3
54 silly idealTree ├── tough-cookie@2.2.1
54 silly idealTree ├── tunnel-agent@0.4.2
54 silly idealTree ├── ua-parser-js@0.7.10
54 silly idealTree ├── ucfirst@1.0.0
54 silly idealTree ├── ultron@1.0.2
54 silly idealTree ├── underscore@1.7.0
54 silly idealTree ├── unpipe@1.0.0
54 silly idealTree ├── utf-8-validate@1.2.1
54 silly idealTree ├── utf8@2.1.0
54 silly idealTree ├── util-deprecate@1.0.2
54 silly idealTree ├── utils-merge@1.0.0
54 silly idealTree ├── weinre@2.0.0-pre-I0Z7U9OV
54 silly idealTree ├── window-size@0.1.4
54 silly idealTree ├── wrap-ansi@1.0.0
54 silly idealTree ├── wrappy@1.0.1
54 silly idealTree ├── ws@0.8.0
54 silly idealTree ├── xmlhttprequest@1.5.0
54 silly idealTree ├── xtend@4.0.1
54 silly idealTree ├── y18n@3.2.0
54 silly idealTree ├── yargs@3.29.0
54 silly idealTree └── zone.js@0.5.11
55 silly generateActionsToTake Starting
56 silly install generateActionsToTake
57 silly generateActionsToTake Finishing
58 silly diffTrees action count 1
59 silly diffTrees add zone.js@0.5.11
60 silly decomposeActions action count 8
61 silly decomposeActions fetch zone.js@0.5.11
62 silly decomposeActions extract zone.js@0.5.11
63 silly decomposeActions preinstall zone.js@0.5.11
64 silly decomposeActions build zone.js@0.5.11
65 silly decomposeActions install zone.js@0.5.11
66 silly decomposeActions postinstall zone.js@0.5.11
67 silly decomposeActions test zone.js@0.5.11
68 silly decomposeActions finalize zone.js@0.5.11
69 silly executeActions Starting
70 silly install executeActions
71 silly doSerial global-install 0
72 silly doParallel fetch 1
73 verbose lock using /Users/Chris/.npm/_locks/staging-9b43acad7f501008.lock for /www/sites/sandbox/angular2-quickstart/node_modules/.staging
74 silly doParallel extract 1
75 silly extract zone.js@0.5.11
76 verbose unbuild node_modules/.staging/zone.js-14a62683fbe8af60971d73a657b555c6
77 silly gentlyRm /www/sites/sandbox/angular2-quickstart/node_modules/.staging/zone.js-14a62683fbe8af60971d73a657b555c6 is being purged from base /www/sites/sandbox/angular2-quickstart
78 verbose gentlyRm don't care about contents; nuking /www/sites/sandbox/angular2-quickstart/node_modules/.staging/zone.js-14a62683fbe8af60971d73a657b555c6
79 verbose tar unpack /Users/Chris/.npm/zone.js/0.5.11/package.tgz
80 verbose tar unpacking to /www/sites/sandbox/angular2-quickstart/node_modules/.staging/zone.js-14a62683fbe8af60971d73a657b555c6
81 silly gentlyRm /www/sites/sandbox/angular2-quickstart/node_modules/.staging/zone.js-14a62683fbe8af60971d73a657b555c6 is being purged
82 verbose gentlyRm don't care about contents; nuking /www/sites/sandbox/angular2-quickstart/node_modules/.staging/zone.js-14a62683fbe8af60971d73a657b555c6
83 silly gunzTarPerm modes [ '755', '644' ]
84 silly gunzTarPerm extractEntry package.json
85 silly gunzTarPerm extractEntry README.md
86 silly gunzTarPerm extractEntry LICENSE
87 silly gunzTarPerm extractEntry dist/jasmine-patch.js
88 silly gunzTarPerm extractEntry dist/jasmine-patch.min.js
89 silly gunzTarPerm extractEntry dist/long-stack-trace-zone.js
90 silly gunzTarPerm extractEntry dist/long-stack-trace-zone.min.js
91 silly gunzTarPerm extractEntry dist/zone-microtask.js
92 silly gunzTarPerm extractEntry dist/zone-microtask.min.js
93 silly gunzTarPerm extractEntry dist/zone.js
94 silly gunzTarPerm extractEntry dist/zone.min.js
95 silly gunzTarPerm extractEntry lib/browser/jasmine-patch.ts
96 silly gunzTarPerm extractEntry lib/browser/long-stack-trace-zone.ts
97 silly gunzTarPerm extractEntry lib/browser/zone-microtask.ts
98 silly gunzTarPerm extractEntry lib/browser/zone.ts
99 silly gunzTarPerm extractEntry lib/core.ts
100 silly gunzTarPerm extractEntry lib/jasmine/patch.ts
101 silly gunzTarPerm extractEntry lib/keys.ts
102 silly gunzTarPerm extractEntry lib/microtask.ts
103 silly gunzTarPerm extractEntry lib/patch/geolocation.ts
104 silly gunzTarPerm extractEntry lib/patch/browser.ts
105 silly gunzTarPerm extractEntry lib/patch/event-target.ts
106 silly gunzTarPerm extractEntry lib/patch/file-reader.ts
107 silly gunzTarPerm extractEntry lib/patch/functions.ts
108 silly gunzTarPerm extractEntry lib/patch/define-property.ts
109 silly gunzTarPerm extractEntry lib/patch/mutation-observer.ts
110 silly gunzTarPerm extractEntry lib/patch/promise.ts
111 silly gunzTarPerm extractEntry lib/patch/property-descriptor.ts
112 silly gunzTarPerm extractEntry lib/patch/register-element.ts
113 silly gunzTarPerm extractEntry lib/patch/websocket.ts
114 silly gunzTarPerm extractEntry lib/utils.ts
115 silly gunzTarPerm extractEntry lib/wtf.ts
116 silly gunzTarPerm extractEntry lib/zone.ts
117 silly gunzTarPerm extractEntry lib/zones/long-stack-trace.ts
118 silly doParallel preinstall 1
119 silly preinstall zone.js@0.5.11 /www/sites/sandbox/angular2-quickstart/node_modules/.staging/zone.js-14a62683fbe8af60971d73a657b555c6
120 info lifecycle zone.js@0.5.11~preinstall: zone.js@0.5.11
121 silly lifecycle zone.js@0.5.11~preinstall: no script for preinstall, continuing
122 silly doReverseSerial remove 0
123 silly doSerial move 0
124 silly doSerial finalize 1
125 silly finalize /www/sites/sandbox/angular2-quickstart/node_modules/zone.js
126 silly doSerial build 1
127 silly build zone.js@0.5.11
128 info linkStuff zone.js@0.5.11
129 silly linkStuff zone.js@0.5.11 has /www/sites/sandbox/angular2-quickstart/node_modules as its parent node_modules
130 verbose linkBins zone.js@0.5.11
131 verbose linkMans zone.js@0.5.11
132 silly doSerial global-link 0
133 silly doParallel update-linked 0
134 silly doSerial install 1
135 silly install zone.js@0.5.11 /www/sites/sandbox/angular2-quickstart/node_modules/.staging/zone.js-14a62683fbe8af60971d73a657b555c6
136 info lifecycle zone.js@0.5.11~install: zone.js@0.5.11
137 silly lifecycle zone.js@0.5.11~install: no script for install, continuing
138 silly doSerial postinstall 1
139 silly postinstall zone.js@0.5.11 /www/sites/sandbox/angular2-quickstart/node_modules/.staging/zone.js-14a62683fbe8af60971d73a657b555c6
140 info lifecycle zone.js@0.5.11~postinstall: zone.js@0.5.11
141 verbose lifecycle zone.js@0.5.11~postinstall: unsafe-perm in lifecycle true
142 verbose lifecycle zone.js@0.5.11~postinstall: PATH: /usr/local/lib/node_modules/npm/bin/node-gyp-bin:/www/sites/sandbox/angular2-quickstart/node_modules/zone.js/node_modules/.bin:/www/sites/sandbox/angular2-quickstart/node_modules/.bin:/usr/local/bin:/usr/bin:/bin:/usr/sbin:/sbin:/usr/local/git/bin
143 verbose lifecycle zone.js@0.5.11~postinstall: CWD: /www/sites/sandbox/angular2-quickstart/node_modules/zone.js
144 silly lifecycle zone.js@0.5.11~postinstall: Args: [ '-c', 'tsd install' ]
145 info lifecycle zone.js@0.5.11~postinstall: Failed to exec postinstall script
146 verbose unlock done using /Users/Chris/.npm/_locks/staging-9b43acad7f501008.lock for /www/sites/sandbox/angular2-quickstart/node_modules/.staging
147 silly rollbackFailedOptional Starting
148 silly rollbackFailedOptional Finishing
149 silly runTopLevelLifecycles Starting
150 silly runTopLevelLifecycles Finishing
151 silly install printInstalled
152 warn EPACKAGEJSON angular2-quickstart@1.0.0 No description
153 warn EPACKAGEJSON angular2-quickstart@1.0.0 No repository field.
154 verbose stack Error: zone.js@0.5.11 postinstall: `tsd install`
154 verbose stack spawn ENOENT
154 verbose stack     at ChildProcess.<anonymous> (/usr/local/lib/node_modules/npm/lib/utils/spawn.js:17:16)
154 verbose stack     at emitTwo (events.js:87:13)
154 verbose stack     at ChildProcess.emit (events.js:172:7)
154 verbose stack     at maybeClose (internal/child_process.js:818:16)
154 verbose stack     at Process.ChildProcess._handle.onexit (internal/child_process.js:211:5)
155 verbose pkgid zone.js@0.5.11
156 verbose cwd /www/sites/sandbox/angular2-quickstart
157 error Darwin 14.5.0
158 error argv "/usr/local/bin/node" "/usr/local/bin/npm" "install"
159 error node v4.2.1
160 error npm  v3.3.9
161 error file sh
162 error code ELIFECYCLE
163 error errno ENOENT
164 error syscall spawn
165 error zone.js@0.5.11 postinstall: `tsd install`
165 error spawn ENOENT
166 error Failed at the zone.js@0.5.11 postinstall script 'tsd install'.
166 error This is most likely a problem with the zone.js package,
166 error not with npm itself.
166 error Tell the author that this fails on your system:
166 error     tsd install
166 error You can get their info via:
166 error     npm owner ls zone.js
166 error There is likely additional logging output above.
167 verbose exit [ 1, true ]
